[00:38:02:087] [INFO] - org.springframework.boot.StartupInfoLogger.logStarting(StartupInfoLogger.java:48) - Starting BamKafkaServApplication on realCzx with PID 14180 (F:\java\bamkafkaserv\bamkafkaserv\target\classes started by Administrator in F:\java\bamkafkaserv\bamkafkaserv)
[00:38:02:090] [INFO] - org.springframework.boot.SpringApplication.logStartupProfileInfo(SpringApplication.java:593) - No active profile set, falling back to default profiles: default
[00:38:02:124] [INFO] - org.springframework.context.support.AbstractApplicationContext.prepareRefresh(AbstractApplicationContext.java:583) - Refreshing org.springframework.boot.context.embedded.AnnotationConfigEmbeddedWebApplicationContext@1d5509a: startup date [Mon Aug 12 00:38:02 CST 2019]; root of context hierarchy
[00:38:02:236] [INFO] - org.hibernate.validator.internal.util.Version.<clinit>(Version.java:30) - HV000001: Hibernate Validator 5.3.5.Final
[00:38:02:711] [INFO] - org.springframework.context.support.PostProcessorRegistrationDelegate$BeanPostProcessorChecker.postProcessAfterInitialization(PostProcessorRegistrationDelegate.java:325) - Bean 'org.springframework.kafka.annotation.KafkaBootstrapConfiguration' of type [org.springframework.kafka.annotation.KafkaBootstrapConfiguration$$EnhancerBySpringCGLIB$$68313ede] is not eligible for getting processed by all BeanPostProcessors (for example: not eligible for auto-proxying)
[00:38:02:980] [INFO] - org.springframework.boot.context.embedded.tomcat.TomcatEmbeddedServletContainer.initialize(TomcatEmbeddedServletContainer.java:89) - Tomcat initialized with port(s): 10001 (http)
[00:38:02:987] [INFO] - org.apache.juli.logging.DirectJDKLog.log(DirectJDKLog.java:179) - Starting service [Tomcat]
[00:38:02:988] [INFO] - org.apache.juli.logging.DirectJDKLog.log(DirectJDKLog.java:179) - Starting Servlet Engine: Apache Tomcat/8.5.16
[00:38:03:053] [INFO] - org.apache.juli.logging.DirectJDKLog.log(DirectJDKLog.java:179) - Initializing Spring embedded WebApplicationContext
[00:38:03:054] [INFO] - org.springframework.boot.context.embedded.EmbeddedWebApplicationContext.prepareEmbeddedWebApplicationContext(EmbeddedWebApplicationContext.java:276) - Root WebApplicationContext: initialization completed in 932 ms
[00:38:03:161] [INFO] - org.springframework.boot.web.servlet.ServletRegistrationBean.onStartup(ServletRegistrationBean.java:190) - Mapping servlet: 'dispatcherServlet' to [/]
[00:38:03:163] [INFO] - org.springframework.boot.web.servlet.AbstractFilterRegistrationBean.configure(AbstractFilterRegistrationBean.java:258) - Mapping filter: 'characterEncodingFilter' to: [/*]
[00:38:03:164] [INFO] - org.springframework.boot.web.servlet.AbstractFilterRegistrationBean.configure(AbstractFilterRegistrationBean.java:258) - Mapping filter: 'hiddenHttpMethodFilter' to: [/*]
[00:38:03:164] [INFO] - org.springframework.boot.web.servlet.AbstractFilterRegistrationBean.configure(AbstractFilterRegistrationBean.java:258) - Mapping filter: 'httpPutFormContentFilter' to: [/*]
[00:38:03:164] [INFO] - org.springframework.boot.web.servlet.AbstractFilterRegistrationBean.configure(AbstractFilterRegistrationBean.java:258) - Mapping filter: 'requestContextFilter' to: [/*]
[00:38:03:443] [INFO] - org.springframework.web.servlet.mvc.method.annotation.RequestMappingHandlerAdapter.initControllerAdviceCache(RequestMappingHandlerAdapter.java:534) - Looking for @ControllerAdvice: org.springframework.boot.context.embedded.AnnotationConfigEmbeddedWebApplicationContext@1d5509a: startup date [Mon Aug 12 00:38:02 CST 2019]; root of context hierarchy
[00:38:03:489] [INFO] - org.springframework.web.servlet.handler.AbstractHandlerMethodMapping$MappingRegistry.register(AbstractHandlerMethodMapping.java:543) - Mapped "{[/bam/kafka],methods=[POST]}" onto public com.eshore.bamkafkaserv.entity.BamData com.eshore.bamkafkaserv.controller.receiveXmlController.Xml2Json(javax.servlet.http.HttpServletRequest,javax.servlet.http.HttpServletResponse)
[00:38:03:491] [INFO] - org.springframework.web.servlet.handler.AbstractHandlerMethodMapping$MappingRegistry.register(AbstractHandlerMethodMapping.java:543) - Mapped "{[/error]}" onto public org.springframework.http.ResponseEntity<java.util.Map<java.lang.String, java.lang.Object>> org.springframework.boot.autoconfigure.web.BasicErrorController.error(javax.servlet.http.HttpServletRequest)
[00:38:03:492] [INFO] - org.springframework.web.servlet.handler.AbstractHandlerMethodMapping$MappingRegistry.register(AbstractHandlerMethodMapping.java:543) - Mapped "{[/error],produces=[text/html]}" onto public org.springframework.web.servlet.ModelAndView org.springframework.boot.autoconfigure.web.BasicErrorController.errorHtml(javax.servlet.http.HttpServletRequest,javax.servlet.http.HttpServletResponse)
[00:38:03:520] [INFO] - org.springframework.web.servlet.handler.AbstractUrlHandlerMapping.registerHandler(AbstractUrlHandlerMapping.java:362) - Mapped URL path [/webjars/**] onto handler of type [class org.springframework.web.servlet.resource.ResourceHttpRequestHandler]
[00:38:03:520] [INFO] - org.springframework.web.servlet.handler.AbstractUrlHandlerMapping.registerHandler(AbstractUrlHandlerMapping.java:362) - Mapped URL path [/**] onto handler of type [class org.springframework.web.servlet.resource.ResourceHttpRequestHandler]
[00:38:03:548] [INFO] - org.springframework.web.servlet.handler.AbstractUrlHandlerMapping.registerHandler(AbstractUrlHandlerMapping.java:362) - Mapped URL path [/**/favicon.ico] onto handler of type [class org.springframework.web.servlet.resource.ResourceHttpRequestHandler]
[00:38:03:712] [INFO] - org.springframework.jmx.export.MBeanExporter.afterSingletonsInstantiated(MBeanExporter.java:431) - Registering beans for JMX exposure on startup
[00:38:03:717] [INFO] - org.springframework.context.support.DefaultLifecycleProcessor$LifecycleGroup.start(DefaultLifecycleProcessor.java:343) - Starting beans in phase 2147483647
[00:38:03:725] [INFO] - org.apache.juli.logging.DirectJDKLog.log(DirectJDKLog.java:179) - Initializing ProtocolHandler ["http-nio-10001"]
[00:38:03:731] [INFO] - org.apache.juli.logging.DirectJDKLog.log(DirectJDKLog.java:179) - Starting ProtocolHandler ["http-nio-10001"]
[00:38:03:747] [INFO] - org.apache.juli.logging.DirectJDKLog.log(DirectJDKLog.java:179) - Using a shared selector for servlet write/read
[00:38:03:762] [INFO] - org.springframework.boot.context.embedded.tomcat.TomcatEmbeddedServletContainer.start(TomcatEmbeddedServletContainer.java:201) - Tomcat started on port(s): 10001 (http)
[00:38:03:765] [INFO] - org.springframework.boot.StartupInfoLogger.logStarted(StartupInfoLogger.java:57) - Started BamKafkaServApplication in 2.038 seconds (JVM running for 2.952)
[00:38:38:183] [INFO] - org.apache.juli.logging.DirectJDKLog.log(DirectJDKLog.java:179) - Initializing Spring FrameworkServlet 'dispatcherServlet'
[00:38:38:183] [INFO] - org.springframework.web.servlet.FrameworkServlet.initServletBean(FrameworkServlet.java:489) - FrameworkServlet 'dispatcherServlet': initialization started
[00:38:38:201] [INFO] - org.springframework.web.servlet.FrameworkServlet.initServletBean(FrameworkServlet.java:508) - FrameworkServlet 'dispatcherServlet': initialization completed in 18 ms
[00:41:14:253] [INFO] - org.springframework.boot.StartupInfoLogger.logStarting(StartupInfoLogger.java:48) - Starting BamKafkaServApplication on realCzx with PID 2028 (F:\java\bamkafkaserv\bamkafkaserv\target\classes started by Administrator in F:\java\bamkafkaserv\bamkafkaserv)
[00:41:14:257] [INFO] - org.springframework.boot.SpringApplication.logStartupProfileInfo(SpringApplication.java:593) - No active profile set, falling back to default profiles: default
[00:41:14:297] [INFO] - org.springframework.context.support.AbstractApplicationContext.prepareRefresh(AbstractApplicationContext.java:583) - Refreshing org.springframework.boot.context.embedded.AnnotationConfigEmbeddedWebApplicationContext@1d5509a: startup date [Mon Aug 12 00:41:14 CST 2019]; root of context hierarchy
[00:41:14:413] [INFO] - org.hibernate.validator.internal.util.Version.<clinit>(Version.java:30) - HV000001: Hibernate Validator 5.3.5.Final
[00:41:14:999] [INFO] - org.springframework.context.support.PostProcessorRegistrationDelegate$BeanPostProcessorChecker.postProcessAfterInitialization(PostProcessorRegistrationDelegate.java:325) - Bean 'org.springframework.kafka.annotation.KafkaBootstrapConfiguration' of type [org.springframework.kafka.annotation.KafkaBootstrapConfiguration$$EnhancerBySpringCGLIB$$e46dc0f5] is not eligible for getting processed by all BeanPostProcessors (for example: not eligible for auto-proxying)
[00:41:15:289] [INFO] - org.springframework.boot.context.embedded.tomcat.TomcatEmbeddedServletContainer.initialize(TomcatEmbeddedServletContainer.java:89) - Tomcat initialized with port(s): 10001 (http)
[00:41:15:295] [INFO] - org.apache.juli.logging.DirectJDKLog.log(DirectJDKLog.java:179) - Starting service [Tomcat]
[00:41:15:296] [INFO] - org.apache.juli.logging.DirectJDKLog.log(DirectJDKLog.java:179) - Starting Servlet Engine: Apache Tomcat/8.5.16
[00:41:15:361] [INFO] - org.apache.juli.logging.DirectJDKLog.log(DirectJDKLog.java:179) - Initializing Spring embedded WebApplicationContext
[00:41:15:361] [INFO] - org.springframework.boot.context.embedded.EmbeddedWebApplicationContext.prepareEmbeddedWebApplicationContext(EmbeddedWebApplicationContext.java:276) - Root WebApplicationContext: initialization completed in 1066 ms
[00:41:15:471] [INFO] - org.springframework.boot.web.servlet.ServletRegistrationBean.onStartup(ServletRegistrationBean.java:190) - Mapping servlet: 'dispatcherServlet' to [/]
[00:41:15:474] [INFO] - org.springframework.boot.web.servlet.AbstractFilterRegistrationBean.configure(AbstractFilterRegistrationBean.java:258) - Mapping filter: 'characterEncodingFilter' to: [/*]
[00:41:15:474] [INFO] - org.springframework.boot.web.servlet.AbstractFilterRegistrationBean.configure(AbstractFilterRegistrationBean.java:258) - Mapping filter: 'hiddenHttpMethodFilter' to: [/*]
[00:41:15:475] [INFO] - org.springframework.boot.web.servlet.AbstractFilterRegistrationBean.configure(AbstractFilterRegistrationBean.java:258) - Mapping filter: 'httpPutFormContentFilter' to: [/*]
[00:41:15:475] [INFO] - org.springframework.boot.web.servlet.AbstractFilterRegistrationBean.configure(AbstractFilterRegistrationBean.java:258) - Mapping filter: 'requestContextFilter' to: [/*]
[00:41:15:739] [INFO] - org.springframework.web.servlet.mvc.method.annotation.RequestMappingHandlerAdapter.initControllerAdviceCache(RequestMappingHandlerAdapter.java:534) - Looking for @ControllerAdvice: org.springframework.boot.context.embedded.AnnotationConfigEmbeddedWebApplicationContext@1d5509a: startup date [Mon Aug 12 00:41:14 CST 2019]; root of context hierarchy
[00:41:15:785] [INFO] - org.springframework.web.servlet.handler.AbstractHandlerMethodMapping$MappingRegistry.register(AbstractHandlerMethodMapping.java:543) - Mapped "{[/bam/kafka],methods=[POST]}" onto public com.eshore.bamkafkaserv.entity.BamData com.eshore.bamkafkaserv.controller.receiveXmlController.Xml2Json(javax.servlet.http.HttpServletRequest,javax.servlet.http.HttpServletResponse)
[00:41:15:787] [INFO] - org.springframework.web.servlet.handler.AbstractHandlerMethodMapping$MappingRegistry.register(AbstractHandlerMethodMapping.java:543) - Mapped "{[/error]}" onto public org.springframework.http.ResponseEntity<java.util.Map<java.lang.String, java.lang.Object>> org.springframework.boot.autoconfigure.web.BasicErrorController.error(javax.servlet.http.HttpServletRequest)
[00:41:15:787] [INFO] - org.springframework.web.servlet.handler.AbstractHandlerMethodMapping$MappingRegistry.register(AbstractHandlerMethodMapping.java:543) - Mapped "{[/error],produces=[text/html]}" onto public org.springframework.web.servlet.ModelAndView org.springframework.boot.autoconfigure.web.BasicErrorController.errorHtml(javax.servlet.http.HttpServletRequest,javax.servlet.http.HttpServletResponse)
[00:41:15:819] [INFO] - org.springframework.web.servlet.handler.AbstractUrlHandlerMapping.registerHandler(AbstractUrlHandlerMapping.java:362) - Mapped URL path [/webjars/**] onto handler of type [class org.springframework.web.servlet.resource.ResourceHttpRequestHandler]
[00:41:15:819] [INFO] - org.springframework.web.servlet.handler.AbstractUrlHandlerMapping.registerHandler(AbstractUrlHandlerMapping.java:362) - Mapped URL path [/**] onto handler of type [class org.springframework.web.servlet.resource.ResourceHttpRequestHandler]
[00:41:15:845] [INFO] - org.springframework.web.servlet.handler.AbstractUrlHandlerMapping.registerHandler(AbstractUrlHandlerMapping.java:362) - Mapped URL path [/**/favicon.ico] onto handler of type [class org.springframework.web.servlet.resource.ResourceHttpRequestHandler]
[00:41:15:970] [INFO] - org.springframework.jmx.export.MBeanExporter.afterSingletonsInstantiated(MBeanExporter.java:431) - Registering beans for JMX exposure on startup
[00:41:15:976] [INFO] - org.springframework.context.support.DefaultLifecycleProcessor$LifecycleGroup.start(DefaultLifecycleProcessor.java:343) - Starting beans in phase 2147483647
[00:41:15:982] [INFO] - org.apache.juli.logging.DirectJDKLog.log(DirectJDKLog.java:179) - Initializing ProtocolHandler ["http-nio-10001"]
[00:41:15:988] [INFO] - org.apache.juli.logging.DirectJDKLog.log(DirectJDKLog.java:179) - Starting ProtocolHandler ["http-nio-10001"]
[00:41:15:999] [INFO] - org.apache.juli.logging.DirectJDKLog.log(DirectJDKLog.java:179) - Using a shared selector for servlet write/read
[00:41:16:014] [INFO] - org.springframework.boot.context.embedded.tomcat.TomcatEmbeddedServletContainer.start(TomcatEmbeddedServletContainer.java:201) - Tomcat started on port(s): 10001 (http)
[00:41:16:017] [INFO] - org.springframework.boot.StartupInfoLogger.logStarted(StartupInfoLogger.java:57) - Started BamKafkaServApplication in 2.031 seconds (JVM running for 3.045)
[00:41:32:748] [INFO] - org.apache.juli.logging.DirectJDKLog.log(DirectJDKLog.java:179) - Initializing Spring FrameworkServlet 'dispatcherServlet'
[00:41:32:748] [INFO] - org.springframework.web.servlet.FrameworkServlet.initServletBean(FrameworkServlet.java:489) - FrameworkServlet 'dispatcherServlet': initialization started
[00:41:32:761] [INFO] - org.springframework.web.servlet.FrameworkServlet.initServletBean(FrameworkServlet.java:508) - FrameworkServlet 'dispatcherServlet': initialization completed in 12 ms
[00:41:32:784] [INFO] - com.eshore.bamkafkaserv.controller.receiveXmlController.Xml2Json(receiveXmlController.java:41) - <soapenv:Envelope xmlns:soapenv="http://schemas.xmlsoap.org/soap/envelope/"><soapenv:Header/><soapenv:Body><bamdata><IPAddress/><ResDate>2019-08-07T16:10:13.140+08:00</ResDate><ResBodyLen>340</ResBodyLen><InvokeResDate>2019-08-07T16:10:13.136+08:00</InvokeResDate><ResReason>娉ㄦ剰锛氳璐﹀彿杩樻湭鍋氭潈闄愭帶鍒讹紝璇峰鍔犮</ResReason><ResResult/><Response>success</Response><InvokeDate>2019-08-07T16:10:12.788+08:00</InvokeDate><FuncCode>FUNC020</FuncCode><TargetCode>200</TargetCode><SourceCode>1</SourceCode><SysCode>weblogic</SysCode><CallMethod>WebService</CallMethod><domainname>dm1231</domainname><ReqCode>WEBIBSS201601esbtest</ReqCode><RecvDate>2019-08-07T16:10:12.787+08:00</RecvDate></bamdata></soapenv:Body></soapenv:Envelope>

